<?xml version="1.0" encoding="UTF-8"?>
<!-- Generated by org.testng.reporters.JUnitReportReporter -->
<testsuite hostname="fv-az1388-591" failures="0" tests="8" name="WebTest" time="4.414" errors="0" timestamp="2024-12-24T03:00:48 UTC" skipped="0">
  <testcase classname="WebTest" name="testGetUserNotFound" time="0.047"/>
  <system-out/>
  <testcase classname="WebTest" name="testRegisterSuccess" time="0.328"/>
  <system-out/>
  <testcase classname="WebTest" name="testUpdateUserNotFound" time="0.376"/>
  <system-out/>
  <testcase classname="WebTest" name="testDeleteUserSuccess" time="0.297"/>
  <system-out/>
  <testcase classname="WebTest" name="testGetUserSuccess" time="0.078"/>
  <system-out/>
  <testcase classname="WebTest" name="testUpdateUserSuccess" time="0.312"/>
  <system-out/>
  <testcase classname="WebTest" name="testRegisterFailure" time="0.313"/>
  <system-out/>
  <testcase classname="WebTest" name="testDeleteUserNotFound" time="2.663"/>
  <system-out/>
</testsuite> <!-- WebTest -->
