<?xml version="1.0" encoding="UTF-8"?>
<!-- Generated by org.testng.reporters.JUnitReportReporter -->
<testsuite hostname="DESKTOP-SHMN5S3" failures="0" tests="8" name="WebTest" time="5.184" errors="0" timestamp="2024-12-24T04:46:34 MSK" skipped="0">
  <testcase classname="WebTest" name="testGetUserNotFound" time="0.347"/>
  <system-out/>
  <testcase classname="WebTest" name="testRegisterFailure" time="0.364"/>
  <system-out/>
  <testcase classname="WebTest" name="testDeleteUserNotFound" time="2.436"/>
  <system-out/>
  <testcase classname="WebTest" name="testUpdateUserSuccess" time="0.336"/>
  <system-out/>
  <testcase classname="WebTest" name="testGetUserSuccess" time="0.264"/>
  <system-out/>
  <testcase classname="WebTest" name="testDeleteUserSuccess" time="0.330"/>
  <system-out/>
  <testcase classname="WebTest" name="testRegisterSuccess" time="0.355"/>
  <system-out/>
  <testcase classname="WebTest" name="testUpdateUserNotFound" time="0.752"/>
  <system-out/>
</testsuite> <!-- WebTest -->
